<?xml version="1.0" encoding="UTF-8"?>
<!-- Generated by org.testng.reporters.JUnitReportReporter -->
<testsuite name="com.automationpractise.myStore.authentication.TC_002PersonalInformation" tests="1" time="39.368" ignored="0" failures="0" timestamp="28 May 2018 12:12:35 GMT" skipped="0" hostname="kicha" errors="0">
  <testcase name="fillDetails" time="39.368" classname="com.automationpractise.myStore.authentication.TC_002PersonalInformation"/>
</testsuite> <!-- com.automationpractise.myStore.authentication.TC_002PersonalInformation -->
