<?xml version="1.0" encoding="UTF-8"?>
<!-- Generated by org.testng.reporters.JUnitReportReporter -->
<testsuite name="com.automationpractise.myStore.authentication.TC_001CreateAccount" tests="1" time="4.931" ignored="0" failures="0" timestamp="20 May 2018 08:50:58 GMT" skipped="0" hostname="kicha" errors="0">
  <testcase name="CreateAccount" time="4.931" classname="com.automationpractise.myStore.authentication.TC_001CreateAccount"/>
</testsuite> <!-- com.automationpractise.myStore.authentication.TC_001CreateAccount -->
