<?xml version="1.0" encoding="UTF-8"?>
<!-- Generated by org.testng.reporters.JUnitReportReporter -->
<testsuite name="com.automationpractise.myStore.index.TC001_verifywithvalidCredentials" tests="1" time="6.066" ignored="1" failures="0" timestamp="20 May 2018 07:56:45 GMT" skipped="0" hostname="kicha" errors="0">
  <testcase name="clickSignIn" time="6.066" classname="com.automationpractise.myStore.index.TC001_verifywithvalidCredentials"/>
  <testcase name="init" classname="com.automationpractise.myStore.testBase.TestBase">
    <skipped/>
  </testcase> <!-- init -->
</testsuite> <!-- com.automationpractise.myStore.index.TC001_verifywithvalidCredentials -->
